-------------------------------------------------------------------------------
Test set: OrderTest
-------------------------------------------------------------------------------
Tests run: 4, Failures: 1, Errors: 0, Skipped: 0, Time elapsed: 7.321 s <<< FAILURE! - in OrderTest
CreatingOrderWithoutAuthorizationPositiveResult(OrderTest)  Time elapsed: 1.645 s  <<< FAILURE!
java.lang.AssertionError: Не верный код статуса expected:<401> but was:<200>
	at OrderTest.CreatingOrderWithoutAuthorizationPositiveResult(OrderTest.java:92)

